<?xml version="1.0" encoding="UTF-8"?>
<!-- Generated by org.testng.reporters.JUnitXMLReporter -->
<testsuite hostname="DESKTOP-8BV8858" ignored="0" name="Default test" tests="9" failures="0" timestamp="11 nov 2018 19:10:52 GMT" time="105.7" errors="0">
  <testcase name="ExtendsToken" time="1.457" classname="GraphApi.TestsSeleniumAndFbApi"/>
  <testcase name="FacebookAuthentication" time="0.175" classname="GraphApi.TestsSeleniumAndFbApi"/>
  <testcase name="LoginWithInvalidEmail" time="18.043" classname="GraphApi.TestsSeleniumAndFbApi"/>
  <testcase name="LoginWithInvalid__password" time="16.775" classname="GraphApi.TestsSeleniumAndFbApi"/>
  <testcase name="LoginWithInvalid_passwordAndUser" time="24.29" classname="GraphApi.TestsSeleniumAndFbApi"/>
  <testcase name="LoginWithaAllBlankFields" time="13.066" classname="GraphApi.TestsSeleniumAndFbApi"/>
  <testcase name="LoginWithoutEmail" time="12.867" classname="GraphApi.TestsSeleniumAndFbApi"/>
  <testcase name="LoginWithout_password" time="18.351" classname="GraphApi.TestsSeleniumAndFbApi"/>
  <testcase name="PostTimeLine" time="0.616" classname="GraphApi.TestsSeleniumAndFbApi"/>
</testsuite> <!-- Default test -->
