<?xml version="1.0" encoding="UTF-8"?>
<testng-results skipped="0" failed="0" ignored="0" total="9" passed="9">
  <reporter-output>
  </reporter-output>
  <suite name="Default suite" duration-ms="105700" started-at="2018-11-11T19:09:06Z" finished-at="2018-11-11T19:10:52Z">
    <groups>
    </groups>
    <test name="Default test" duration-ms="105700" started-at="2018-11-11T19:09:06Z" finished-at="2018-11-11T19:10:52Z">
      <class name="GraphApi.TestsSeleniumAndFbApi">
        <test-method status="PASS" signature="ExtendsToken()[pri:0, instance:GraphApi.TestsSeleniumAndFbApi@1b68ddbd]" name="ExtendsToken" duration-ms="1457" started-at="2018-11-11T19:09:06Z" finished-at="2018-11-11T19:09:08Z">
          <reporter-output>
          </reporter-output>
        </test-method> <!-- ExtendsToken -->
        <test-method status="PASS" signature="FacebookAuthentication()[pri:0, instance:GraphApi.TestsSeleniumAndFbApi@1b68ddbd]" name="FacebookAuthentication" duration-ms="175" started-at="2018-11-11T19:09:08Z" finished-at="2018-11-11T19:09:08Z">
          <reporter-output>
          </reporter-output>
        </test-method> <!-- FacebookAuthentication -->
        <test-method status="PASS" signature="LoginWithInvalidEmail()[pri:0, instance:GraphApi.TestsSeleniumAndFbApi@1b68ddbd]" name="LoginWithInvalidEmail" duration-ms="18043" started-at="2018-11-11T19:09:08Z" finished-at="2018-11-11T19:09:26Z">
          <reporter-output>
          </reporter-output>
        </test-method> <!-- LoginWithInvalidEmail -->
        <test-method status="PASS" signature="LoginWithInvalid__password()[pri:0, instance:GraphApi.TestsSeleniumAndFbApi@1b68ddbd]" name="LoginWithInvalid__password" duration-ms="16775" started-at="2018-11-11T19:09:26Z" finished-at="2018-11-11T19:09:43Z">
          <reporter-output>
          </reporter-output>
        </test-method> <!-- LoginWithInvalid__password -->
        <test-method status="PASS" signature="LoginWithInvalid_passwordAndUser()[pri:0, instance:GraphApi.TestsSeleniumAndFbApi@1b68ddbd]" name="LoginWithInvalid_passwordAndUser" duration-ms="24290" started-at="2018-11-11T19:09:43Z" finished-at="2018-11-11T19:10:07Z">
          <reporter-output>
          </reporter-output>
        </test-method> <!-- LoginWithInvalid_passwordAndUser -->
        <test-method status="PASS" signature="LoginWithaAllBlankFields()[pri:0, instance:GraphApi.TestsSeleniumAndFbApi@1b68ddbd]" name="LoginWithaAllBlankFields" duration-ms="13066" started-at="2018-11-11T19:10:07Z" finished-at="2018-11-11T19:10:20Z">
          <reporter-output>
          </reporter-output>
        </test-method> <!-- LoginWithaAllBlankFields -->
        <test-method status="PASS" signature="LoginWithoutEmail()[pri:0, instance:GraphApi.TestsSeleniumAndFbApi@1b68ddbd]" name="LoginWithoutEmail" duration-ms="12867" started-at="2018-11-11T19:10:20Z" finished-at="2018-11-11T19:10:33Z">
          <reporter-output>
          </reporter-output>
        </test-method> <!-- LoginWithoutEmail -->
        <test-method status="PASS" signature="LoginWithout_password()[pri:0, instance:GraphApi.TestsSeleniumAndFbApi@1b68ddbd]" name="LoginWithout_password" duration-ms="18351" started-at="2018-11-11T19:10:33Z" finished-at="2018-11-11T19:10:51Z">
          <reporter-output>
          </reporter-output>
        </test-method> <!-- LoginWithout_password -->
        <test-method status="PASS" signature="PostTimeLine()[pri:0, instance:GraphApi.TestsSeleniumAndFbApi@1b68ddbd]" name="PostTimeLine" duration-ms="616" started-at="2018-11-11T19:10:51Z" finished-at="2018-11-11T19:10:52Z">
          <reporter-output>
          </reporter-output>
        </test-method> <!-- PostTimeLine -->
      </class> <!-- GraphApi.TestsSeleniumAndFbApi -->
    </test> <!-- Default test -->
  </suite> <!-- Default suite -->
</testng-results>
